# JRE version: OpenJDK Runtime Environment (8.0_402-b08) (build 1.8.0_402-b08)
# Java VM: OpenJDK 64-Bit Server VM (25.402-b08 mixed mode windows-amd64 compressed oops)
Heap:
 PSYoungGen      total 417280K, used 348097K [0x00000000d5800000, 0x0000000100000000, 0x0000000100000000)
  eden space 317440K, 79% used [0x00000000d5800000,0x00000000e4d80540,0x00000000e8e00000)
  from space 99840K, 96% used [0x00000000e8e00000,0x00000000eec6fec0,0x00000000eef80000)
  to   space 165888K, 0% used [0x00000000f5e00000,0x00000000f5e00000,0x0000000100000000)
 ParOldGen       total 424448K, used 261929K [0x0000000080800000, 0x000000009a680000, 0x00000000d5800000)
  object space 424448K, 61% used [0x0000000080800000,0x00000000907ca5c0,0x000000009a680000)
 Metaspace       used 35289K, capacity 35651K, committed 36224K, reserved 1081344K
  class space    used 4532K, capacity 4626K, committed 4736K, reserved 1048576K
GC Heap History (10 events):
Event: 11.393 GC heap before
{Heap before GC invocations=8 (full 1):
 PSYoungGen      total 215552K, used 215520K [0x00000000d5800000, 0x00000000e7580000, 0x0000000100000000)
  eden space 197632K, 100% used [0x00000000d5800000,0x00000000e1900000,0x00000000e1900000)
  from space 17920K, 99% used [0x00000000e2f00000,0x00000000e4078030,0x00000000e4080000)
  to   space 22528K, 0% used [0x00000000e1900000,0x00000000e1900000,0x00000000e2f00000)
 ParOldGen       total 45568K, used 25872K [0x0000000080800000, 0x0000000083480000, 0x00000000d5800000)
  object space 45568K, 56% used [0x0000000080800000,0x00000000821440d0,0x0000000083480000)
 Metaspace       used 34286K, capacity 34655K, committed 35072K, reserved 1079296K
  class space    used 4470K, capacity 4592K, committed 4608K, reserved 1048576K
Event: 11.473 GC heap after
Heap after GC invocations=8 (full 1):
 PSYoungGen      total 220160K, used 22506K [0x00000000d5800000, 0x00000000f4100000, 0x0000000100000000)
  eden space 197632K, 0% used [0x00000000d5800000,0x00000000d5800000,0x00000000e1900000)
  from space 22528K, 99% used [0x00000000e1900000,0x00000000e2efa860,0x00000000e2f00000)
  to   space 69632K, 0% used [0x00000000efd00000,0x00000000efd00000,0x00000000f4100000)
 ParOldGen       total 111104K, used 110695K [0x0000000080800000, 0x0000000087480000, 0x00000000d5800000)
  object space 111104K, 99% used [0x0000000080800000,0x0000000087419e08,0x0000000087480000)
 Metaspace       used 34286K, capacity 34655K, committed 35072K, reserved 1079296K
  class space    used 4470K, capacity 4592K, committed 4608K, reserved 1048576K
}
Event: 11.473 GC heap before
{Heap before GC invocations=9 (full 2):
 PSYoungGen      total 220160K, used 22506K [0x00000000d5800000, 0x00000000f4100000, 0x0000000100000000)
  eden space 197632K, 0% used [0x00000000d5800000,0x00000000d5800000,0x00000000e1900000)
  from space 22528K, 99% used [0x00000000e1900000,0x00000000e2efa860,0x00000000e2f00000)
  to   space 69632K, 0% used [0x00000000efd00000,0x00000000efd00000,0x00000000f4100000)
 ParOldGen       total 111104K, used 110695K [0x0000000080800000, 0x0000000087480000, 0x00000000d5800000)
  object space 111104K, 99% used [0x0000000080800000,0x0000000087419e08,0x0000000087480000)
 Metaspace       used 34286K, capacity 34655K, committed 35072K, reserved 1079296K
  class space    used 4470K, capacity 4592K, committed 4608K, reserved 1048576K
Event: 11.827 GC heap after
Heap after GC invocations=9 (full 2):
 PSYoungGen      total 220160K, used 19430K [0x00000000d5800000, 0x00000000f4100000, 0x0000000100000000)
  eden space 197632K, 0% used [0x00000000d5800000,0x00000000d5800000,0x00000000e1900000)
  from space 22528K, 86% used [0x00000000e1900000,0x00000000e2bf9b88,0x00000000e2f00000)
  to   space 69632K, 0% used [0x00000000efd00000,0x00000000efd00000,0x00000000f4100000)
 ParOldGen       total 215552K, used 108388K [0x0000000080800000, 0x000000008da80000, 0x00000000d5800000)
  object space 215552K, 50% used [0x0000000080800000,0x00000000871d93f8,0x000000008da80000)
 Metaspace       used 34286K, capacity 34655K, committed 35072K, reserved 1079296K
  class space    used 4470K, capacity 4592K, committed 4608K, reserved 1048576K
}
Event: 18.195 GC heap before
{Heap before GC invocations=10 (full 2):
 PSYoungGen      total 220160K, used 216661K [0x00000000d5800000, 0x00000000f4100000, 0x0000000100000000)
  eden space 197632K, 99% used [0x00000000d5800000,0x00000000e189ba30,0x00000000e1900000)
  from space 22528K, 86% used [0x00000000e1900000,0x00000000e2bf9b88,0x00000000e2f00000)
  to   space 69632K, 0% used [0x00000000efd00000,0x00000000efd00000,0x00000000f4100000)
 ParOldGen       total 215552K, used 108388K [0x0000000080800000, 0x000000008da80000, 0x00000000d5800000)
  object space 215552K, 50% used [0x0000000080800000,0x00000000871d93f8,0x000000008da80000)
 Metaspace       used 34353K, capacity 34719K, committed 35072K, reserved 1079296K
  class space    used 4470K, capacity 4592K, committed 4608K, reserved 1048576K
Event: 18.246 GC heap after
Heap after GC invocations=10 (full 2):
 PSYoungGen      total 387072K, used 69618K [0x00000000d5800000, 0x00000000f5100000, 0x0000000100000000)
  eden space 317440K, 0% used [0x00000000d5800000,0x00000000d5800000,0x00000000e8e00000)
  from space 69632K, 99% used [0x00000000efd00000,0x00000000f40fcbb0,0x00000000f4100000)
  to   space 99840K, 0% used [0x00000000e8e00000,0x00000000e8e00000,0x00000000eef80000)
 ParOldGen       total 215552K, used 144817K [0x0000000080800000, 0x000000008da80000, 0x00000000d5800000)
  object space 215552K, 67% used [0x0000000080800000,0x000000008956c748,0x000000008da80000)
 Metaspace       used 34353K, capacity 34719K, committed 35072K, reserved 1079296K
  class space    used 4470K, capacity 4592K, committed 4608K, reserved 1048576K
}
Event: 22.226 GC heap before
{Heap before GC invocations=11 (full 2):
 PSYoungGen      total 387072K, used 386640K [0x00000000d5800000, 0x00000000f5100000, 0x0000000100000000)
  eden space 317440K, 99% used [0x00000000d5800000,0x00000000e8d975b0,0x00000000e8e00000)
  from space 69632K, 99% used [0x00000000efd00000,0x00000000f40fcbb0,0x00000000f4100000)
  to   space 99840K, 0% used [0x00000000e8e00000,0x00000000e8e00000,0x00000000eef80000)
 ParOldGen       total 215552K, used 144817K [0x0000000080800000, 0x000000008da80000, 0x00000000d5800000)
  object space 215552K, 67% used [0x0000000080800000,0x000000008956c748,0x000000008da80000)
 Metaspace       used 34413K, capacity 34783K, committed 35072K, reserved 1079296K
  class space    used 4471K, capacity 4592K, committed 4608K, reserved 1048576K
Event: 22.433 GC heap after
Heap after GC invocations=11 (full 2):
 PSYoungGen      total 417280K, used 99821K [0x00000000d5800000, 0x0000000100000000, 0x0000000100000000)
  eden space 317440K, 0% used [0x00000000d5800000,0x00000000d5800000,0x00000000e8e00000)
  from space 99840K, 99% used [0x00000000e8e00000,0x00000000eef7b488,0x00000000eef80000)
  to   space 165888K, 0% used [0x00000000f5e00000,0x00000000f5e00000,0x0000000100000000)
 ParOldGen       total 262144K, used 260367K [0x0000000080800000, 0x0000000090800000, 0x00000000d5800000)
  object space 262144K, 99% used [0x0000000080800000,0x0000000090643da8,0x0000000090800000)
 Metaspace       used 34413K, capacity 34783K, committed 35072K, reserved 1079296K
  class space    used 4471K, capacity 4592K, committed 4608K, reserved 1048576K
}
Event: 22.433 GC heap before
{Heap before GC invocations=12 (full 3):
 PSYoungGen      total 417280K, used 99821K [0x00000000d5800000, 0x0000000100000000, 0x0000000100000000)
  eden space 317440K, 0% used [0x00000000d5800000,0x00000000d5800000,0x00000000e8e00000)
  from space 99840K, 99% used [0x00000000e8e00000,0x00000000eef7b488,0x00000000eef80000)
  to   space 165888K, 0% used [0x00000000f5e00000,0x00000000f5e00000,0x0000000100000000)
 ParOldGen       total 262144K, used 260367K [0x0000000080800000, 0x0000000090800000, 0x00000000d5800000)
  object space 262144K, 99% used [0x0000000080800000,0x0000000090643da8,0x0000000090800000)
 Metaspace       used 34413K, capacity 34783K, committed 35072K, reserved 1079296K
  class space    used 4471K, capacity 4592K, committed 4608K, reserved 1048576K
Event: 22.966 GC heap after
Heap after GC invocations=12 (full 3):
 PSYoungGen      total 417280K, used 96703K [0x00000000d5800000, 0x0000000100000000, 0x0000000100000000)
  eden space 317440K, 0% used [0x00000000d5800000,0x00000000d5800000,0x00000000e8e00000)
  from space 99840K, 96% used [0x00000000e8e00000,0x00000000eec6fec0,0x00000000eef80000)
  to   space 165888K, 0% used [0x00000000f5e00000,0x00000000f5e00000,0x0000000100000000)
 ParOldGen       total 424448K, used 261929K [0x0000000080800000, 0x000000009a680000, 0x00000000d5800000)
  object space 424448K, 61% used [0x0000000080800000,0x00000000907ca5c0,0x000000009a680000)
 Metaspace       used 34413K, capacity 34783K, committed 35072K, reserved 1079296K
  class space    used 4471K, capacity 4592K, committed 4608K, reserved 1048576K
}

